[0.221s] DEBUG:colcon:Command line arguments: ['/usr/bin/colcon', 'build']
[0.221s] DEBUG:colcon:Parsed command line arguments: Namespace(log_base=None, log_level=None, verb_name='build', build_base='build', install_base='install', merge_install=False, symlink_install=False, test_result_base=None, continue_on_error=False, executor='parallel', parallel_workers=2, event_handlers=None, ignore_user_meta=False, metas=['./colcon.meta'], base_paths=['.'], packages_ignore=None, packages_ignore_regex=None, paths=None, packages_up_to=None, packages_up_to_regex=None, packages_above=None, packages_above_and_dependencies=None, packages_above_depth=None, packages_select_by_dep=None, packages_skip_by_dep=None, packages_skip_up_to=None, packages_select_build_failed=False, packages_skip_build_finished=False, packages_select_test_failures=False, packages_skip_test_passed=False, packages_select=None, packages_skip=None, packages_select_regex=None, packages_skip_regex=None, packages_start=None, packages_end=None, allow_overriding=[], cmake_args=None, cmake_target=None, cmake_target_skip_unavailable=False, cmake_clean_cache=False, cmake_clean_first=False, cmake_force_configure=False, ament_cmake_args=None, catkin_cmake_args=None, catkin_skip_building_tests=False, verb_parser=<colcon_defaults.argument_parser.defaults.DefaultArgumentsDecorator object at 0x7c8d942c7b80>, verb_extension=<colcon_core.verb.build.BuildVerb object at 0x7c8d9440fca0>, main=<bound method BuildVerb.main of <colcon_core.verb.build.BuildVerb object at 0x7c8d9440fca0>>)
[0.576s] Level 1:colcon.colcon_core.package_discovery:discover_packages(colcon_meta) check parameters
[0.576s] Level 1:colcon.colcon_core.package_discovery:discover_packages(recursive) check parameters
[0.576s] Level 1:colcon.colcon_core.package_discovery:discover_packages(ignore) check parameters
[0.576s] Level 1:colcon.colcon_core.package_discovery:discover_packages(path) check parameters
[0.576s] Level 1:colcon.colcon_core.package_discovery:discover_packages(colcon_meta) discover
[0.576s] Level 1:colcon.colcon_core.package_discovery:discover_packages(recursive) discover
[0.577s] INFO:colcon.colcon_core.package_discovery:Crawling recursively for packages in '/home/gg/ros2_ws/src/my_image_processing_pkg'
[0.577s] Level 1:colcon.colcon_core.package_identification:_identify(.) by extensions ['ignore', 'ignore_ament_install']
[0.577s] Level 1:colcon.colcon_core.package_identification:_identify(.) by extension 'ignore'
[0.577s] Level 1:colcon.colcon_core.package_identification:_identify(.) by extension 'ignore_ament_install'
[0.577s] Level 1:colcon.colcon_core.package_identification:_identify(.) by extensions ['colcon_pkg']
[0.577s] Level 1:colcon.colcon_core.package_identification:_identify(.) by extension 'colcon_pkg'
[0.578s] Level 1:colcon.colcon_core.package_identification:_identify(.) by extensions ['colcon_meta']
[0.578s] Level 1:colcon.colcon_core.package_identification:_identify(.) by extension 'colcon_meta'
[0.578s] Level 1:colcon.colcon_core.package_identification:_identify(.) by extensions ['ros']
[0.578s] Level 1:colcon.colcon_core.package_identification:_identify(.) by extension 'ros'
[0.610s] DEBUG:colcon.colcon_core.package_identification:Package '.' with type 'ros.ament_python' and name 'my_image_processing_pkg'
[0.610s] Level 1:colcon.colcon_core.package_discovery:discover_packages(recursive) using defaults
[0.610s] Level 1:colcon.colcon_core.package_discovery:discover_packages(ignore) discover
[0.610s] Level 1:colcon.colcon_core.package_discovery:discover_packages(ignore) using defaults
[0.610s] Level 1:colcon.colcon_core.package_discovery:discover_packages(path) discover
[0.610s] Level 1:colcon.colcon_core.package_discovery:discover_packages(path) using defaults
[0.653s] Level 1:colcon.colcon_core.package_discovery:discover_packages(prefix_path) check parameters
[0.653s] Level 1:colcon.colcon_core.package_discovery:discover_packages(prefix_path) discover
[0.661s] DEBUG:colcon.colcon_installed_package_information.package_discovery:Found 290 installed packages in /opt/ros/iron
[0.664s] Level 1:colcon.colcon_core.package_discovery:discover_packages(prefix_path) using defaults
[0.783s] Level 5:colcon.colcon_core.verb:set package 'my_image_processing_pkg' build argument 'cmake_args' from command line to 'None'
[0.783s] Level 5:colcon.colcon_core.verb:set package 'my_image_processing_pkg' build argument 'cmake_target' from command line to 'None'
[0.783s] Level 5:colcon.colcon_core.verb:set package 'my_image_processing_pkg' build argument 'cmake_target_skip_unavailable' from command line to 'False'
[0.783s] Level 5:colcon.colcon_core.verb:set package 'my_image_processing_pkg' build argument 'cmake_clean_cache' from command line to 'False'
[0.783s] Level 5:colcon.colcon_core.verb:set package 'my_image_processing_pkg' build argument 'cmake_clean_first' from command line to 'False'
[0.783s] Level 5:colcon.colcon_core.verb:set package 'my_image_processing_pkg' build argument 'cmake_force_configure' from command line to 'False'
[0.783s] Level 5:colcon.colcon_core.verb:set package 'my_image_processing_pkg' build argument 'ament_cmake_args' from command line to 'None'
[0.783s] Level 5:colcon.colcon_core.verb:set package 'my_image_processing_pkg' build argument 'catkin_cmake_args' from command line to 'None'
[0.783s] Level 5:colcon.colcon_core.verb:set package 'my_image_processing_pkg' build argument 'catkin_skip_building_tests' from command line to 'False'
[0.784s] DEBUG:colcon.colcon_core.verb:Building package 'my_image_processing_pkg' with the following arguments: {'ament_cmake_args': None, 'build_base': '/home/gg/ros2_ws/src/my_image_processing_pkg/build/my_image_processing_pkg', 'catkin_cmake_args': None, 'catkin_skip_building_tests': False, 'cmake_args': None, 'cmake_clean_cache': False, 'cmake_clean_first': False, 'cmake_force_configure': False, 'cmake_target': None, 'cmake_target_skip_unavailable': False, 'install_base': '/home/gg/ros2_ws/src/my_image_processing_pkg/install/my_image_processing_pkg', 'merge_install': False, 'path': '/home/gg/ros2_ws/src/my_image_processing_pkg', 'symlink_install': False, 'test_result_base': None}
[0.784s] INFO:colcon.colcon_core.executor:Executing jobs using 'parallel' executor
[0.785s] DEBUG:colcon.colcon_parallel_executor.executor.parallel:run_until_complete
[0.786s] INFO:colcon.colcon_ros.task.ament_python.build:Building ROS package in '/home/gg/ros2_ws/src/my_image_processing_pkg' with build type 'ament_python'
[0.786s] Level 1:colcon.colcon_core.shell:create_environment_hook('my_image_processing_pkg', 'ament_prefix_path')
[0.790s] INFO:colcon.colcon_core.plugin_system:Skipping extension 'colcon_core.shell.bat': Not used on non-Windows systems
[0.790s] INFO:colcon.colcon_core.shell:Creating environment hook '/home/gg/ros2_ws/src/my_image_processing_pkg/install/my_image_processing_pkg/share/my_image_processing_pkg/hook/ament_prefix_path.ps1'
[0.791s] INFO:colcon.colcon_core.shell:Creating environment descriptor '/home/gg/ros2_ws/src/my_image_processing_pkg/install/my_image_processing_pkg/share/my_image_processing_pkg/hook/ament_prefix_path.dsv'
[0.794s] INFO:colcon.colcon_core.shell:Creating environment hook '/home/gg/ros2_ws/src/my_image_processing_pkg/install/my_image_processing_pkg/share/my_image_processing_pkg/hook/ament_prefix_path.sh'
[0.795s] INFO:colcon.colcon_core.shell:Skip shell extension 'powershell' for command environment: Not usable outside of PowerShell
[0.795s] DEBUG:colcon.colcon_core.shell:Skip shell extension 'dsv' for command environment
[1.354s] INFO:colcon.colcon_core.task.python.build:Building Python package in '/home/gg/ros2_ws/src/my_image_processing_pkg'
[1.354s] INFO:colcon.colcon_core.shell:Skip shell extension 'powershell' for command environment: Not usable outside of PowerShell
[1.354s] DEBUG:colcon.colcon_core.shell:Skip shell extension 'dsv' for command environment
[2.097s] DEBUG:colcon.colcon_core.event_handler.log_command:Invoking command in '/home/gg/ros2_ws/src/my_image_processing_pkg': PYTHONPATH=/home/gg/ros2_ws/src/my_image_processing_pkg/build/my_image_processing_pkg/prefix_override:/usr/lib/python3/dist-packages/colcon_core/task/python/colcon_distutils_commands:/home/gg/ros2_ws/src/my_image_processing_pkg/install/my_image_processing_pkg/lib/python3.10/site-packages:${PYTHONPATH} /usr/bin/python3 -W ignore:setup.py install is deprecated setup.py egg_info --egg-base build/my_image_processing_pkg build --build-base /home/gg/ros2_ws/src/my_image_processing_pkg/build/my_image_processing_pkg/build install --record /home/gg/ros2_ws/src/my_image_processing_pkg/build/my_image_processing_pkg/install.log --single-version-externally-managed install_data
[2.869s] Level 1:colcon.colcon_core.environment:checking '/home/gg/ros2_ws/src/my_image_processing_pkg/install/my_image_processing_pkg' for CMake module files
[2.870s] Level 1:colcon.colcon_core.environment:checking '/home/gg/ros2_ws/src/my_image_processing_pkg/install/my_image_processing_pkg' for CMake config files
[2.874s] DEBUG:colcon.colcon_core.event_handler.log_command:Invoked command in '/home/gg/ros2_ws/src/my_image_processing_pkg' returned '0': PYTHONPATH=/home/gg/ros2_ws/src/my_image_processing_pkg/build/my_image_processing_pkg/prefix_override:/usr/lib/python3/dist-packages/colcon_core/task/python/colcon_distutils_commands:/home/gg/ros2_ws/src/my_image_processing_pkg/install/my_image_processing_pkg/lib/python3.10/site-packages:${PYTHONPATH} /usr/bin/python3 -W ignore:setup.py install is deprecated setup.py egg_info --egg-base build/my_image_processing_pkg build --build-base /home/gg/ros2_ws/src/my_image_processing_pkg/build/my_image_processing_pkg/build install --record /home/gg/ros2_ws/src/my_image_processing_pkg/build/my_image_processing_pkg/install.log --single-version-externally-managed install_data
[2.881s] Level 1:colcon.colcon_core.environment:checking '/home/gg/ros2_ws/src/my_image_processing_pkg/install/my_image_processing_pkg/lib'
[2.882s] Level 1:colcon.colcon_core.environment:checking '/home/gg/ros2_ws/src/my_image_processing_pkg/install/my_image_processing_pkg/bin'
[2.882s] Level 1:colcon.colcon_core.environment:checking '/home/gg/ros2_ws/src/my_image_processing_pkg/install/my_image_processing_pkg/lib/pkgconfig/my_image_processing_pkg.pc'
[2.884s] Level 1:colcon.colcon_core.environment:checking '/home/gg/ros2_ws/src/my_image_processing_pkg/install/my_image_processing_pkg/lib/python3.10/site-packages'
[2.884s] Level 1:colcon.colcon_core.shell:create_environment_hook('my_image_processing_pkg', 'pythonpath')
[2.885s] INFO:colcon.colcon_core.shell:Creating environment hook '/home/gg/ros2_ws/src/my_image_processing_pkg/install/my_image_processing_pkg/share/my_image_processing_pkg/hook/pythonpath.ps1'
[2.886s] INFO:colcon.colcon_core.shell:Creating environment descriptor '/home/gg/ros2_ws/src/my_image_processing_pkg/install/my_image_processing_pkg/share/my_image_processing_pkg/hook/pythonpath.dsv'
[2.887s] INFO:colcon.colcon_core.shell:Creating environment hook '/home/gg/ros2_ws/src/my_image_processing_pkg/install/my_image_processing_pkg/share/my_image_processing_pkg/hook/pythonpath.sh'
[2.888s] Level 1:colcon.colcon_core.environment:checking '/home/gg/ros2_ws/src/my_image_processing_pkg/install/my_image_processing_pkg/bin'
[2.888s] Level 1:colcon.colcon_core.environment:create_environment_scripts_only(my_image_processing_pkg)
[2.888s] INFO:colcon.colcon_core.shell:Creating package script '/home/gg/ros2_ws/src/my_image_processing_pkg/install/my_image_processing_pkg/share/my_image_processing_pkg/package.ps1'
[2.891s] INFO:colcon.colcon_core.shell:Creating package descriptor '/home/gg/ros2_ws/src/my_image_processing_pkg/install/my_image_processing_pkg/share/my_image_processing_pkg/package.dsv'
[2.892s] INFO:colcon.colcon_core.shell:Creating package script '/home/gg/ros2_ws/src/my_image_processing_pkg/install/my_image_processing_pkg/share/my_image_processing_pkg/package.sh'
[2.895s] INFO:colcon.colcon_core.shell:Creating package script '/home/gg/ros2_ws/src/my_image_processing_pkg/install/my_image_processing_pkg/share/my_image_processing_pkg/package.bash'
[2.896s] INFO:colcon.colcon_core.shell:Creating package script '/home/gg/ros2_ws/src/my_image_processing_pkg/install/my_image_processing_pkg/share/my_image_processing_pkg/package.zsh'
[2.897s] Level 1:colcon.colcon_core.environment:create_file_with_runtime_dependencies(/home/gg/ros2_ws/src/my_image_processing_pkg/install/my_image_processing_pkg/share/colcon-core/packages/my_image_processing_pkg)
[2.901s] DEBUG:colcon.colcon_parallel_executor.executor.parallel:closing loop
[2.902s] DEBUG:colcon.colcon_parallel_executor.executor.parallel:loop closed
[2.902s] DEBUG:colcon.colcon_parallel_executor.executor.parallel:run_until_complete finished with '0'
[2.902s] DEBUG:colcon.colcon_core.event_reactor:joining thread
[2.923s] INFO:colcon.colcon_core.plugin_system:Skipping extension 'colcon_notification.desktop_notification.terminal_notifier': Not used on non-Darwin systems
[2.923s] INFO:colcon.colcon_core.plugin_system:Skipping extension 'colcon_notification.desktop_notification.win32': Not used on non-Windows systems
[2.923s] INFO:colcon.colcon_notification.desktop_notification:Sending desktop notification using 'notify2'
[2.957s] DEBUG:colcon.colcon_core.event_reactor:joined thread
[2.957s] INFO:colcon.colcon_core.shell:Creating prefix script '/home/gg/ros2_ws/src/my_image_processing_pkg/install/local_setup.ps1'
[2.959s] INFO:colcon.colcon_core.shell:Creating prefix util module '/home/gg/ros2_ws/src/my_image_processing_pkg/install/_local_setup_util_ps1.py'
[2.961s] INFO:colcon.colcon_core.shell:Creating prefix chain script '/home/gg/ros2_ws/src/my_image_processing_pkg/install/setup.ps1'
[2.963s] INFO:colcon.colcon_core.shell:Creating prefix script '/home/gg/ros2_ws/src/my_image_processing_pkg/install/local_setup.sh'
[2.964s] INFO:colcon.colcon_core.shell:Creating prefix util module '/home/gg/ros2_ws/src/my_image_processing_pkg/install/_local_setup_util_sh.py'
[2.965s] INFO:colcon.colcon_core.shell:Creating prefix chain script '/home/gg/ros2_ws/src/my_image_processing_pkg/install/setup.sh'
[2.967s] INFO:colcon.colcon_core.shell:Creating prefix script '/home/gg/ros2_ws/src/my_image_processing_pkg/install/local_setup.bash'
[2.968s] INFO:colcon.colcon_core.shell:Creating prefix chain script '/home/gg/ros2_ws/src/my_image_processing_pkg/install/setup.bash'
[2.977s] INFO:colcon.colcon_core.shell:Creating prefix script '/home/gg/ros2_ws/src/my_image_processing_pkg/install/local_setup.zsh'
[2.978s] INFO:colcon.colcon_core.shell:Creating prefix chain script '/home/gg/ros2_ws/src/my_image_processing_pkg/install/setup.zsh'
