running egg_info
creating build/my_image_processing_pkg/my_image_processing_pkg.egg-info
writing build/my_image_processing_pkg/my_image_processing_pkg.egg-info/PKG-INFO
writing dependency_links to build/my_image_processing_pkg/my_image_processing_pkg.egg-info/dependency_links.txt
writing entry points to build/my_image_processing_pkg/my_image_processing_pkg.egg-info/entry_points.txt
writing requirements to build/my_image_processing_pkg/my_image_processing_pkg.egg-info/requires.txt
writing top-level names to build/my_image_processing_pkg/my_image_processing_pkg.egg-info/top_level.txt
writing manifest file 'build/my_image_processing_pkg/my_image_processing_pkg.egg-info/SOURCES.txt'
reading manifest file 'build/my_image_processing_pkg/my_image_processing_pkg.egg-info/SOURCES.txt'
writing manifest file 'build/my_image_processing_pkg/my_image_processing_pkg.egg-info/SOURCES.txt'
running build
running build_py
creating /home/gg/ros2_ws/src/my_image_processing_pkg/build/my_image_processing_pkg/build
creating /home/gg/ros2_ws/src/my_image_processing_pkg/build/my_image_processing_pkg/build/lib
creating /home/gg/ros2_ws/src/my_image_processing_pkg/build/my_image_processing_pkg/build/lib/my_image_processing_pkg
copying my_image_processing_pkg/__init__.py -> /home/gg/ros2_ws/src/my_image_processing_pkg/build/my_image_processing_pkg/build/lib/my_image_processing_pkg
copying my_image_processing_pkg/image_processor.py -> /home/gg/ros2_ws/src/my_image_processing_pkg/build/my_image_processing_pkg/build/lib/my_image_processing_pkg
running install
running install_lib
creating /home/gg/ros2_ws/src/my_image_processing_pkg/install/my_image_processing_pkg/lib/python3.10/site-packages/my_image_processing_pkg
copying /home/gg/ros2_ws/src/my_image_processing_pkg/build/my_image_processing_pkg/build/lib/my_image_processing_pkg/__init__.py -> /home/gg/ros2_ws/src/my_image_processing_pkg/install/my_image_processing_pkg/lib/python3.10/site-packages/my_image_processing_pkg
copying /home/gg/ros2_ws/src/my_image_processing_pkg/build/my_image_processing_pkg/build/lib/my_image_processing_pkg/image_processor.py -> /home/gg/ros2_ws/src/my_image_processing_pkg/install/my_image_processing_pkg/lib/python3.10/site-packages/my_image_processing_pkg
byte-compiling /home/gg/ros2_ws/src/my_image_processing_pkg/install/my_image_processing_pkg/lib/python3.10/site-packages/my_image_processing_pkg/__init__.py to __init__.cpython-310.pyc
byte-compiling /home/gg/ros2_ws/src/my_image_processing_pkg/install/my_image_processing_pkg/lib/python3.10/site-packages/my_image_processing_pkg/image_processor.py to image_processor.cpython-310.pyc
running install_data
creating /home/gg/ros2_ws/src/my_image_processing_pkg/install/my_image_processing_pkg/share/ament_index
creating /home/gg/ros2_ws/src/my_image_processing_pkg/install/my_image_processing_pkg/share/ament_index/resource_index
creating /home/gg/ros2_ws/src/my_image_processing_pkg/install/my_image_processing_pkg/share/ament_index/resource_index/packages
copying resource/my_image_processing_pkg -> /home/gg/ros2_ws/src/my_image_processing_pkg/install/my_image_processing_pkg/share/ament_index/resource_index/packages
copying package.xml -> /home/gg/ros2_ws/src/my_image_processing_pkg/install/my_image_processing_pkg/share/my_image_processing_pkg
running install_egg_info
Copying build/my_image_processing_pkg/my_image_processing_pkg.egg-info to /home/gg/ros2_ws/src/my_image_processing_pkg/install/my_image_processing_pkg/lib/python3.10/site-packages/my_image_processing_pkg-0.0.0-py3.10.egg-info
running install_scripts
Installing image_processor script to /home/gg/ros2_ws/src/my_image_processing_pkg/install/my_image_processing_pkg/lib/my_image_processing_pkg
writing list of installed files to '/home/gg/ros2_ws/src/my_image_processing_pkg/build/my_image_processing_pkg/install.log'
